<?xml version="1.0" encoding="UTF-8"?>
<coverage generated="1722238611759" clover="3.2.0">
  <project timestamp="1722238611759" name="All files">
    <metrics statements="8" coveredstatements="8" conditionals="2" coveredconditionals="2" methods="1" coveredmethods="1" elements="11" coveredelements="11" complexity="0" loc="8" ncloc="8" packages="1" files="1" classes="1"/>
    <file name="sliceGroup.ts" path="C:\kimson\Kim_Coding\project\interview\client\src\libs\sliceGroup.ts">
      <metrics statements="8" coveredstatements="8" conditionals="2" coveredconditionals="2" methods="1" coveredmethods="1"/>
      <line num="1" count="1" type="cond" truecount="1" falsecount="0"/>
      <line num="2" count="1" type="stmt"/>
      <line num="3" count="1" type="stmt"/>
      <line num="4" count="1" type="cond" truecount="1" falsecount="0"/>
      <line num="5" count="3" type="stmt"/>
      <line num="6" count="3" type="stmt"/>
      <line num="7" count="1" type="stmt"/>
      <line num="8" count="1" type="stmt"/>
    </file>
  </project>
</coverage>
